2014-01-02, Close, 35.17
2014-01-02, BUY CREATE, 35.17
2014-01-03, BUY EXECUTED, Price: 35.10, Cost: 315.90, Comm 0.32
2014-01-03, Close, 35.07
2014-01-06, Close, 34.93
2014-01-07, Close, 35.29
2014-01-08, Close, 35.17
2014-01-09, Close, 35.10
2014-01-10, Close, 35.53
2014-01-10, SELL CREATED 35.53
2014-01-13, SELL EXECUTED, Price: 35.38, Cost: 105.30, Comm 0.11
2014-01-13, Close, 35.19
2014-01-14, Close, 35.62
2014-01-15, Close, 35.81
2014-01-16, Close, 35.70
2014-01-17, Close, 35.62
2014-01-21, Close, 35.53
2014-01-21, SELL CREATED 35.53
2014-01-22, SELL EXECUTED, Price: 35.46, Cost: 105.30, Comm 0.11
2014-01-22, Close, 35.41
2014-01-23, Close, 35.57
2014-01-24, Close, 34.60
2014-01-27, Close, 34.02
2014-01-28, Close, 34.59
2014-01-29, Close, 34.47
2014-01-29, SELL CREATED 34.47
2014-01-30, SELL EXECUTED, Price: 34.67, Cost: 105.30, Comm 0.10
2014-01-30, OPERATION PROFIT, GROSS 0.63, NET -0.00
2014-01-30, Close, 34.87
2014-01-31, Close, 34.40
2014-01-31, BUY CREATE, 34.40
2014-02-03, BUY EXECUTED, Price: 34.58, Cost: 311.22, Comm 0.31
2014-02-03, Close, 33.41
2014-02-04, Close, 33.53
2014-02-05, Close, 33.52
2014-02-06, Close, 34.23
2014-02-07, Close, 34.67
2014-02-10, Close, 34.77
2014-02-10, SELL CREATED 34.77
2014-02-11, SELL EXECUTED, Price: 34.96, Cost: 103.74, Comm 0.10
2014-02-11, Close, 35.28
2014-02-12, Close, 35.49
2014-02-13, Close, 35.82
2014-02-14, Close, 35.41
2014-02-18, Close, 35.40
2014-02-19, Close, 35.31
2014-02-19, SELL CREATED 35.31
2014-02-20, SELL EXECUTED, Price: 35.28, Cost: 103.74, Comm 0.11
2014-02-20, Close, 35.68
2014-02-21, Close, 35.52
2014-02-24, Close, 35.56
2014-02-25, Close, 35.66
2014-02-26, Close, 35.89
2014-02-27, Close, 36.31
2014-02-27, SELL CREATED 36.31
2014-02-28, SELL EXECUTED, Price: 36.31, Cost: 103.74, Comm 0.11
2014-02-28, OPERATION PROFIT, GROSS 8.43, NET 7.80
2014-02-28, Close, 36.46
2014-03-03, Close, 35.90
2014-03-03, BUY CREATE, 35.90
2014-03-04, BUY EXECUTED, Price: 36.49, Cost: 328.41, Comm 0.33
2014-03-04, Close, 36.74
2014-03-05, Close, 36.83
2014-03-06, Close, 36.79
2014-03-07, Close, 36.20
2014-03-10, Close, 36.23
2014-03-11, Close, 36.27
2014-03-11, SELL CREATED 36.27
2014-03-12, SELL EXECUTED, Price: 36.19, Cost: 109.47, Comm 0.11
2014-03-12, Close, 35.91
2014-03-13, Close, 35.10
2014-03-14, Close, 35.05
2014-03-17, Close, 35.63
2014-03-18, Close, 36.21
2014-03-19, Close, 35.94
2014-03-19, SELL CREATED 35.94
2014-03-20, SELL EXECUTED, Price: 35.89, Cost: 109.47, Comm 0.11
2014-03-20, Close, 35.77
2014-03-21, Close, 34.96
2014-03-24, Close, 35.59
2014-03-25, Close, 35.80
2014-03-26, Close, 36.43
2014-03-27, Close, 36.58
2014-03-27, SELL CREATED 36.58
2014-03-28, SELL EXECUTED, Price: 36.84, Cost: 109.47, Comm 0.11
2014-03-28, OPERATION PROFIT, GROSS -1.65, NET -2.31
2014-03-28, Close, 36.89
2014-03-31, Close, 38.14
2014-04-01, Close, 38.68
2014-04-02, Close, 38.35
2014-04-03, Close, 37.64
2014-04-03, BUY CREATE, 37.64
2014-04-04, BUY EXECUTED, Price: 37.96, Cost: 341.64, Comm 0.34
2014-04-04, Close, 37.38
2014-04-07, Close, 36.91
2014-04-08, Close, 37.63
2014-04-09, Close, 38.23
2014-04-10, Close, 37.21
2014-04-11, Close, 36.45
2014-04-11, SELL CREATED 36.45
2014-04-14, SELL EXECUTED, Price: 36.54, Cost: 113.88, Comm 0.11
2014-04-14, Close, 37.00
2014-04-15, Close, 37.15
2014-04-16, Close, 37.52
2014-04-17, Close, 37.48
2014-04-21, Close, 37.63
2014-04-22, Close, 37.83
2014-04-22, SELL CREATED 37.83
2014-04-23, SELL EXECUTED, Price: 37.66, Cost: 113.88, Comm 0.11
2014-04-23, Close, 37.21
2014-04-24, Close, 37.17
2014-04-25, Close, 36.89
2014-04-28, Close, 37.52
2014-04-29, Close, 37.51
2014-04-30, Close, 38.23
2014-04-30, SELL CREATED 38.23
2014-05-01, SELL EXECUTED, Price: 38.08, Cost: 113.88, Comm 0.11
2014-05-01, OPERATION PROFIT, GROSS -4.80, NET -5.48
2014-05-01, Close, 38.31
2014-05-02, Close, 38.16
2014-05-02, BUY CREATE, 38.16
2014-05-05, BUY EXECUTED, Price: 38.46, Cost: 346.14, Comm 0.35
2014-05-05, Close, 38.53
2014-05-06, Close, 38.35
2014-05-07, Close, 38.39
2014-05-08, Close, 38.22
2014-05-09, Close, 38.38
2014-05-12, Close, 39.23
2014-05-12, SELL CREATED 39.23
2014-05-13, SELL EXECUTED, Price: 39.29, Cost: 115.38, Comm 0.12
2014-05-13, Close, 39.17
2014-05-14, Close, 39.16
2014-05-15, Close, 39.21
2014-05-16, Close, 38.98
2014-05-19, Close, 39.42
2014-05-20, Close, 38.86
2014-05-20, SELL CREATED 38.86
2014-05-21, SELL EXECUTED, Price: 38.96, Cost: 115.38, Comm 0.12
2014-05-21, Close, 38.97
2014-05-22, Close, 38.82
2014-05-23, Close, 39.41
2014-05-27, Close, 39.19
2014-05-28, Close, 38.87
2014-05-29, Close, 39.46
2014-05-29, SELL CREATED 39.46
2014-05-30, SELL EXECUTED, Price: 39.35, Cost: 115.38, Comm 0.12
2014-05-30, OPERATION PROFIT, GROSS 6.66, NET 5.96
2014-05-30, Close, 39.29
2014-06-02, Close, 39.24
2014-06-02, BUY CREATE, 39.24
2014-06-03, BUY EXECUTED, Price: 39.12, Cost: 352.08, Comm 0.35
2014-06-03, Close, 39.10
2014-06-04, Close, 38.99
2014-06-05, Close, 39.37
2014-06-06, Close, 39.86
2014-06-09, Close, 39.93
2014-06-10, Close, 39.89
2014-06-10, SELL CREATED 39.89
2014-06-11, SELL EXECUTED, Price: 39.69, Cost: 117.36, Comm 0.12
2014-06-11, Close, 39.80
2014-06-12, Close, 39.27
2014-06-13, Close, 39.40
2014-06-16, Close, 39.41
2014-06-17, Close, 39.57
2014-06-18, Close, 40.03
2014-06-18, SELL CREATED 40.03
2014-06-19, SELL EXECUTED, Price: 40.14, Cost: 117.36, Comm 0.12
2014-06-19, Close, 39.75
2014-06-20, Close, 38.17
2014-06-23, Close, 38.43
2014-06-24, Close, 38.11
2014-06-25, Close, 37.83
2014-06-26, Close, 37.54
2014-06-26, SELL CREATED 37.54
2014-06-27, SELL EXECUTED, Price: 37.43, Cost: 117.36, Comm 0.11
2014-06-27, OPERATION PROFIT, GROSS -0.30, NET -1.00
2014-06-27, Close, 37.90
2014-06-30, Close, 37.90
2014-07-01, Close, 38.12
2014-07-02, Close, 38.29
2014-07-03, Close, 38.66
2014-07-07, Close, 38.35
2014-07-08, Close, 38.04
2014-07-08, BUY CREATE, 38.04
2014-07-09, BUY EXECUTED, Price: 38.08, Cost: 342.72, Comm 0.34
2014-07-09, Close, 37.76
2014-07-10, Close, 37.81
2014-07-11, Close, 37.63
2014-07-14, Close, 37.97
2014-07-15, Close, 38.02
2014-07-16, Close, 37.76
2014-07-16, SELL CREATED 37.76
2014-07-17, SELL EXECUTED, Price: 37.71, Cost: 114.24, Comm 0.11
2014-07-17, Close, 37.43
2014-07-18, Close, 37.51
2014-07-21, Close, 37.52
2014-07-22, Close, 37.92
2014-07-23, Close, 37.80
2014-07-24, Close, 37.95
2014-07-24, SELL CREATED 37.95
2014-07-25, SELL EXECUTED, Price: 37.76, Cost: 114.24, Comm 0.11
2014-07-25, Close, 37.82
2014-07-28, Close, 38.03
2014-07-29, Close, 38.10
2014-07-30, Close, 38.41
2014-07-31, Close, 37.88
2014-08-01, Close, 37.15
2014-08-01, SELL CREATED 37.15
2014-08-04, SELL EXECUTED, Price: 37.16, Cost: 114.24, Comm 0.11
2014-08-04, OPERATION PROFIT, GROSS -4.83, NET -5.51
2014-08-04, Close, 37.61
2014-08-05, Close, 37.47
2014-08-06, Close, 37.66
2014-08-07, Close, 37.20
2014-08-07, BUY CREATE, 37.20
2014-08-08, BUY EXECUTED, Price: 37.26, Cost: 335.34, Comm 0.34
2014-08-08, Close, 37.46
2014-08-11, Close, 37.44
2014-08-12, Close, 37.42
2014-08-13, Close, 37.74
2014-08-14, Close, 37.72
2014-08-15, Close, 37.77
2014-08-15, SELL CREATED 37.77
2014-08-18, SELL EXECUTED, Price: 37.93, Cost: 111.78, Comm 0.11
2014-08-18, Close, 38.11
2014-08-19, Close, 38.83
2014-08-20, Close, 38.68
2014-08-21, Close, 38.99
2014-08-22, Close, 39.04
2014-08-25, Close, 39.14
2014-08-25, SELL CREATED 39.14
2014-08-26, SELL EXECUTED, Price: 39.25, Cost: 111.78, Comm 0.12
2014-08-26, Close, 39.24
2014-08-27, Close, 39.05
2014-08-28, Close, 38.70
2014-08-29, Close, 38.95
2014-09-02, Close, 39.07
2014-09-03, Close, 39.29
2014-09-03, SELL CREATED 39.29
2014-09-04, SELL EXECUTED, Price: 39.28, Cost: 111.78, Comm 0.12
2014-09-04, OPERATION PROFIT, GROSS 14.04, NET 13.36
2014-09-04, Close, 38.97
2014-09-04, BUY CREATE, 38.97
2014-09-05, BUY EXECUTED, Price: 39.02, Cost: 351.18, Comm 0.35
2014-09-05, Close, 38.70
2014-09-08, Close, 38.11
2014-09-09, Close, 38.18
2014-09-10, Close, 38.18
2014-09-11, Close, 38.15
2014-09-12, Close, 37.98
2014-09-12, SELL CREATED 37.98
2014-09-15, SELL EXECUTED, Price: 37.98, Cost: 117.06, Comm 0.11
2014-09-15, Close, 38.13
2014-09-16, Close, 38.63
2014-09-17, Close, 38.58
2014-09-18, Close, 38.97
2014-09-19, Close, 37.32
2014-09-22, Close, 37.12
2014-09-22, SELL CREATED 37.12
2014-09-23, SELL EXECUTED, Price: 37.04, Cost: 117.06, Comm 0.11
2014-09-23, Close, 36.41
2014-09-24, Close, 36.97
2014-09-25, Close, 36.35
2014-09-26, Close, 36.53
2014-09-29, Close, 36.05
2014-09-30, Close, 35.90
2014-09-30, SELL CREATED 35.9
2014-10-01, SELL EXECUTED, Price: 35.94, Cost: 117.06, Comm 0.11
2014-10-01, OPERATION PROFIT, GROSS -18.30, NET -18.98
2014-10-01, Close, 35.72
2014-10-01, BUY CREATE, 35.72
2014-10-02, BUY EXECUTED, Price: 35.78, Cost: 322.02, Comm 0.32
2014-10-02, Close, 35.89
2014-10-03, Close, 36.47
2014-10-06, Close, 36.76
2014-10-07, Close, 36.18
2014-10-08, Close, 36.71
2014-10-09, Close, 36.44
2014-10-09, SELL CREATED 36.44
2014-10-10, SELL EXECUTED, Price: 36.37, Cost: 107.34, Comm 0.11
2014-10-10, Close, 35.84
2014-10-13, Close, 35.96
2014-10-14, Close, 36.18
2014-10-15, Close, 36.03
2014-10-16, Close, 35.33
2014-10-17, Close, 35.62
2014-10-17, SELL CREATED 35.62
2014-10-20, SELL EXECUTED, Price: 34.16, Cost: 107.34, Comm 0.10
2014-10-20, Close, 35.56
2014-10-21, Close, 36.08
2014-10-22, Close, 35.41
2014-10-23, Close, 35.96
2014-10-24, Close, 36.43
2014-10-27, Close, 36.15
2014-10-27, SELL CREATED 36.15
2014-10-28, SELL EXECUTED, Price: 36.07, Cost: 107.34, Comm 0.11
2014-10-28, OPERATION PROFIT, GROSS -2.22, NET -2.86
2014-10-28, Close, 36.36
2014-10-29, Close, 36.29
2014-10-30, Close, 36.22
2014-10-30, BUY CREATE, 36.22
2014-10-31, BUY EXECUTED, Price: 36.57, Cost: 329.13, Comm 0.33
2014-10-31, Close, 36.73
2014-11-03, Close, 36.68
2014-11-04, Close, 36.81
2014-11-05, Close, 36.96
2014-11-06, Close, 37.45
2014-11-07, Close, 37.57
2014-11-07, SELL CREATED 37.57
2014-11-10, SELL EXECUTED, Price: 37.60, Cost: 109.71, Comm 0.11
2014-11-10, Close, 38.05
2014-11-11, Close, 38.07
2014-11-12, Close, 37.76
2014-11-13, Close, 38.31
2014-11-14, Close, 38.42
2014-11-17, Close, 38.72
2014-11-17, SELL CREATED 38.72
2014-11-18, SELL EXECUTED, Price: 38.75, Cost: 109.71, Comm 0.12
2014-11-18, Close, 38.81
2014-11-19, Close, 38.49
2014-11-20, Close, 38.49
2014-11-21, Close, 38.98
2014-11-24, Close, 38.97
2014-11-25, Close, 38.71
2014-11-25, SELL CREATED 38.71
2014-11-26, SELL EXECUTED, Price: 38.74, Cost: 109.71, Comm 0.12
2014-11-26, OPERATION PROFIT, GROSS 16.14, NET 15.47
2014-11-26, Close, 39.39
2014-11-28, Close, 39.89
2014-12-01, Close, 39.58
2014-12-02, Close, 39.68
2014-12-03, Close, 39.57
2014-12-03, BUY CREATE, 39.57
2014-12-04, BUY EXECUTED, Price: 39.62, Cost: 356.58, Comm 0.36
2014-12-04, Close, 39.41
2014-12-05, Close, 39.44
2014-12-08, Close, 38.92
2014-12-09, Close, 39.39
2014-12-10, Close, 38.49
2014-12-11, Close, 38.34
2014-12-11, SELL CREATED 38.34
2014-12-12, SELL EXECUTED, Price: 37.85, Cost: 118.86, Comm 0.11
2014-12-12, Close, 37.58
2014-12-15, Close, 38.67
2014-12-16, Close, 38.22
2014-12-17, Close, 38.72
2014-12-18, Close, 42.66
2014-12-19, Close, 43.27
2014-12-19, SELL CREATED 43.27
2014-12-22, SELL EXECUTED, Price: 42.87, Cost: 118.86, Comm 0.13
2014-12-22, Close, 42.94
2014-12-23, Close, 43.28
2014-12-24, Close, 43.49
2014-12-26, Close, 43.37
2014-12-29, Close, 42.91
2014-12-30, Close, 42.65
2014-12-30, SELL CREATED 42.65
